2019-10-14 16:02:08,455 INFO o.s.b.StartupInfoLogger [main] Starting SbtApplication on SSAHMLTW02050 with PID 54364 (D:\STL\Development\workspace\sbt\target\classes started by mantu.gupta in D:\STL\Development\workspace\sbt)
2019-10-14 16:02:08,466 DEBUG o.s.b.StartupInfoLogger [main] Running with Spring Boot v2.1.9.RELEASE, Spring v5.1.10.RELEASE
2019-10-14 16:02:08,467 INFO o.s.b.SpringApplication [main] No active profile set, falling back to default profiles: default
2019-10-14 16:02:09,492 INFO o.s.d.r.c.RepositoryConfigurationDelegate [main] Bootstrapping Spring Data repositories in DEFAULT mode.
2019-10-14 16:02:09,616 INFO o.s.d.r.c.RepositoryConfigurationDelegate [main] Finished Spring Data repository scanning in 111ms. Found 1 repository interfaces.
2019-10-14 16:02:11,307 INFO o.s.c.s.PostProcessorRegistrationDelegate$BeanPostProcessorChecker [main] Bean 'org.springframework.transaction.annotation.ProxyTransactionManagementConfiguration' of type [org.springframework.transaction.annotation.ProxyTransactionManagementConfiguration$$EnhancerBySpringCGLIB$$956d366f] is not eligible for getting processed by all BeanPostProcessors (for example: not eligible for auto-proxying)
2019-10-14 16:02:11,657 INFO o.s.b.w.e.t.TomcatWebServer [main] Tomcat initialized with port(s): 8080 (http)
2019-10-14 16:02:11,675 INFO o.a.j.l.DirectJDKLog [main] Initializing ProtocolHandler ["http-nio-8080"]
2019-10-14 16:02:11,686 INFO o.a.j.l.DirectJDKLog [main] Starting service [Tomcat]
2019-10-14 16:02:11,687 INFO o.a.j.l.DirectJDKLog [main] Starting Servlet engine: [Apache Tomcat/9.0.26]
2019-10-14 16:02:12,081 INFO o.a.j.l.DirectJDKLog [main] At least one JAR was scanned for TLDs yet contained no TLDs. Enable debug logging for this logger for a complete list of JARs that were scanned but no TLDs were found in them. Skipping unneeded JARs during scanning can improve startup time and JSP compilation time.
2019-10-14 16:02:12,089 INFO o.a.j.l.DirectJDKLog [main] Initializing Spring embedded WebApplicationContext
2019-10-14 16:02:12,090 INFO o.s.b.w.s.c.ServletWebServerApplicationContext [main] Root WebApplicationContext: initialization completed in 3570 ms
2019-10-14 16:02:12,446 INFO c.z.h.HikariDataSource [main] HikariPool-1 - Starting...
2019-10-14 16:02:12,572 INFO c.z.h.HikariDataSource [main] HikariPool-1 - Start completed.
2019-10-14 16:02:12,634 INFO o.h.j.i.u.LogHelper [main] HHH000204: Processing PersistenceUnitInfo [
	name: default
	...]
2019-10-14 16:02:12,714 INFO o.h.Version [main] HHH000412: Hibernate Core {5.3.12.Final}
2019-10-14 16:02:12,716 INFO o.h.c.Environment [main] HHH000206: hibernate.properties not found
2019-10-14 16:02:12,874 INFO o.h.a.c.r.j.JavaReflectionManager [main] HCANN000001: Hibernate Commons Annotations {5.0.4.Final}
2019-10-14 16:02:13,038 INFO o.h.d.Dialect [main] HHH000400: Using dialect: org.hibernate.dialect.H2Dialect
2019-10-14 16:02:13,708 INFO o.h.t.s.i.SchemaCreatorImpl [main] HHH000476: Executing import script 'org.hibernate.tool.schema.internal.exec.ScriptSourceInputNonExistentImpl@3c8fe8ad'
2019-10-14 16:02:13,713 INFO o.s.o.j.AbstractEntityManagerFactoryBean [main] Initialized JPA EntityManagerFactory for persistence unit 'default'
2019-10-14 16:02:16,434 INFO o.s.s.w.DefaultSecurityFilterChain [main] Creating filter chain: any request, [org.springframework.security.web.context.request.async.WebAsyncManagerIntegrationFilter@58afecfd, org.springframework.security.web.context.SecurityContextPersistenceFilter@2f112ade, org.springframework.security.web.header.HeaderWriterFilter@7cbfbcd1, org.springframework.security.web.authentication.logout.LogoutFilter@665b441e, org.springframework.security.web.authentication.UsernamePasswordAuthenticationFilter@8d7718e, org.springframework.security.web.authentication.www.BasicAuthenticationFilter@4fef4f96, org.springframework.security.web.savedrequest.RequestCacheAwareFilter@3c82bac3, org.springframework.security.web.servletapi.SecurityContextHolderAwareRequestFilter@283ecb4b, org.springframework.security.web.authentication.AnonymousAuthenticationFilter@4d79d187, org.springframework.security.web.session.SessionManagementFilter@2c6aa46c, org.springframework.security.web.access.ExceptionTranslationFilter@4d2bc56a, org.springframework.security.web.access.intercept.FilterSecurityInterceptor@3436d3d7]
2019-10-14 16:02:16,648 INFO o.s.s.c.ExecutorConfigurationSupport [main] Initializing ExecutorService 'applicationTaskExecutor'
2019-10-14 16:02:19,557 WARN o.s.b.a.o.j.JpaBaseConfiguration$JpaWebConfiguration$JpaWebMvcConfiguration [main] spring.jpa.open-in-view is enabled by default. Therefore, database queries may be performed during view rendering. Explicitly configure spring.jpa.open-in-view to disable this warning
2019-10-14 16:02:19,615 INFO o.s.b.a.w.s.WelcomePageHandlerMapping [main] Adding welcome page template: index
2019-10-14 16:02:19,772 INFO o.a.j.l.DirectJDKLog [main] Starting ProtocolHandler ["http-nio-8080"]
2019-10-14 16:02:19,826 INFO o.s.b.w.e.t.TomcatWebServer [main] Tomcat started on port(s): 8080 (http) with context path '/sbt'
2019-10-14 16:02:19,833 INFO o.s.b.StartupInfoLogger [main] Started SbtApplication in 11.803 seconds (JVM running for 13.486)
2019-10-14 16:02:28,220 INFO o.a.j.l.DirectJDKLog [http-nio-8080-exec-1] Initializing Spring DispatcherServlet 'dispatcherServlet'
2019-10-14 16:02:28,221 INFO o.s.w.s.FrameworkServlet [http-nio-8080-exec-1] Initializing Servlet 'dispatcherServlet'
2019-10-14 16:02:28,234 INFO o.s.w.s.FrameworkServlet [http-nio-8080-exec-1] Completed initialization in 13 ms
2019-10-14 16:02:47,849 DEBUG c.s.c.LocationTimeOutController [http-nio-8080-exec-6] Inside getLocation location
2019-10-14 16:02:50,973 DEBUG c.s.c.LocationTimeOutController [http-nio-8080-exec-6] Principal Value is : org.springframework.security.authentication.UsernamePasswordAuthenticationToken@8370b4d1: Principal: com.sbt.model.CustomUser@31900d20; Credentials: [PROTECTED]; Authenticated: true; Details: org.springframework.security.web.authentication.WebAuthenticationDetails@380f4: RemoteIpAddress: 0:0:0:0:0:0:0:1; SessionId: 58CF8ADE0EDE3BF9173965BEE4FD28A5; Granted Authorities: com.sbt.model.Role@4d1cc6c1
